#! /c/Source/iverilog-install/bin/vvp
:ivl_version "12.0 (devel)" "(s20150603-1539-g2693dd32b)";
:ivl_delay_selection "TYPICAL";
:vpi_time_precision + 0;
:vpi_module "C:\iverilog\lib\ivl\system.vpi";
:vpi_module "C:\iverilog\lib\ivl\vhdl_sys.vpi";
:vpi_module "C:\iverilog\lib\ivl\vhdl_textio.vpi";
:vpi_module "C:\iverilog\lib\ivl\v2005_math.vpi";
:vpi_module "C:\iverilog\lib\ivl\va_math.vpi";
S_000002178d5c61b0 .scope module, "mux" "mux" 2 1;
 .timescale 0 0;
    .port_info 0 /INPUT 1 "x1";
    .port_info 1 /INPUT 1 "x2";
    .port_info 2 /INPUT 1 "s";
    .port_info 3 /OUTPUT 1 "f";
o000002178d617098 .functor BUFZ 1, C4<z>; HiZ drive
L_000002178d5c6bc0 .functor NOT 1, o000002178d617098, C4<0>, C4<0>, C4<0>;
o000002178d6170c8 .functor BUFZ 1, C4<z>; HiZ drive
L_000002178d5c6900 .functor AND 1, L_000002178d5c6bc0, o000002178d6170c8, C4<1>, C4<1>;
o000002178d6170f8 .functor BUFZ 1, C4<z>; HiZ drive
L_000002178d5c6a60 .functor AND 1, o000002178d617098, o000002178d6170f8, C4<1>, C4<1>;
L_000002178d5ce560 .functor OR 1, L_000002178d5c6900, L_000002178d5c6a60, C4<0>, C4<0>;
v000002178d5c6340_0 .net "f", 0 0, L_000002178d5ce560;  1 drivers
v000002178d5c63e0_0 .net "g", 0 0, L_000002178d5c6900;  1 drivers
v000002178d5c6480_0 .net "h", 0 0, L_000002178d5c6a60;  1 drivers
v000002178d5ce2e0_0 .net "k", 0 0, L_000002178d5c6bc0;  1 drivers
v000002178d5ce380_0 .net "s", 0 0, o000002178d617098;  0 drivers
v000002178d5ce420_0 .net "x1", 0 0, o000002178d6170c8;  0 drivers
v000002178d5ce4c0_0 .net "x2", 0 0, o000002178d6170f8;  0 drivers
# The file index is used to find the file name in the following table.
:file_names 3;
    "N/A";
    "<interactive>";
    "mux.v";
